header: 
  seq: 210
  stamp: 
    secs: 1335902274
    nsecs: 950438531
  frame_id: /map
cell_width: 0.10000000149
cell_height: 0.10000000149
cells: 
  - 
    x: -3.45
    y: 3.25
    z: 0.0
  - 
    x: -3.45
    y: 3.35
    z: 0.0
  - 
    x: -3.45
    y: 3.45
    z: 0.0
  - 
    x: -3.45
    y: 3.55
    z: 0.0
  - 
    x: -3.45
    y: 3.65
    z: 0.0
  - 
    x: -3.45
    y: 3.75
    z: 0.0
  - 
    x: -3.45
    y: 3.85
    z: 0.0
  - 
    x: -3.45
    y: 3.95
    z: 0.0
  - 
    x: -3.45
    y: 4.05
    z: 0.0
  - 
    x: -3.45
    y: 4.15
    z: 0.0
  - 
    x: -3.45
    y: 4.25
    z: 0.0
  - 
    x: -3.35
    y: 3.25
    z: 0.0
  - 
    x: -3.35
    y: 3.35
    z: 0.0
  - 
    x: -3.35
    y: 3.45
    z: 0.0
  - 
    x: -3.35
    y: 3.55
    z: 0.0
  - 
    x: -3.35
    y: 3.65
    z: 0.0
  - 
    x: -3.35
    y: 3.75
    z: 0.0
  - 
    x: -3.35
    y: 3.85
    z: 0.0
  - 
    x: -3.35
    y: 4.05
    z: 0.0
  - 
    x: -3.35
    y: 4.15
    z: 0.0
  - 
    x: -3.35
    y: 4.25
    z: 0.0
  - 
    x: -3.35
    y: 4.35
    z: 0.0
  - 
    x: -3.35
    y: 4.45
    z: 0.0
  - 
    x: -3.25
    y: 3.15
    z: 0.0
  - 
    x: -3.25
    y: 3.25
    z: 0.0
  - 
    x: -3.25
    y: 3.35
    z: 0.0
  - 
    x: -3.25
    y: 3.55
    z: 0.0
  - 
    x: -3.25
    y: 3.65
    z: 0.0
  - 
    x: -3.25
    y: 3.75
    z: 0.0
  - 
    x: -3.25
    y: 3.85
    z: 0.0
  - 
    x: -3.25
    y: 3.95
    z: 0.0
  - 
    x: -3.25
    y: 4.05
    z: 0.0
  - 
    x: -3.25
    y: 4.15
    z: 0.0
  - 
    x: -3.25
    y: 4.25
    z: 0.0
  - 
    x: -3.25
    y: 4.35
    z: 0.0
  - 
    x: -3.25
    y: 4.45
    z: 0.0
  - 
    x: -3.15
    y: 3.25
    z: 0.0
  - 
    x: -3.15
    y: 3.35
    z: 0.0
  - 
    x: -3.15
    y: 3.45
    z: 0.0
  - 
    x: -3.15
    y: 3.55
    z: 0.0
  - 
    x: -3.15
    y: 3.65
    z: 0.0
  - 
    x: -3.15
    y: 3.95
    z: 0.0
  - 
    x: -3.15
    y: 4.05
    z: 0.0
  - 
    x: -3.15
    y: 4.35
    z: 0.0
  - 
    x: -3.15
    y: 4.45
    z: 0.0
  - 
    x: -3.15
    y: 4.55
    z: 0.0
  - 
    x: -3.05
    y: 3.25
    z: 0.0
  - 
    x: -3.05
    y: 3.35
    z: 0.0
  - 
    x: -3.05
    y: 3.45
    z: 0.0
  - 
    x: -3.05
    y: 3.55
    z: 0.0
  - 
    x: -3.05
    y: 3.65
    z: 0.0
  - 
    x: -3.05
    y: 3.75
    z: 0.0
  - 
    x: -3.05
    y: 3.85
    z: 0.0
  - 
    x: -3.05
    y: 3.95
    z: 0.0
  - 
    x: -3.05
    y: 4.05
    z: 0.0
  - 
    x: -3.05
    y: 4.15
    z: 0.0
  - 
    x: -3.05
    y: 4.25
    z: 0.0
  - 
    x: -3.05
    y: 4.35
    z: 0.0
  - 
    x: -3.05
    y: 4.45
    z: 0.0
  - 
    x: -3.05
    y: 5.05
    z: 0.0
  - 
    x: -3.05
    y: 5.15
    z: 0.0
  - 
    x: -2.95
    y: 3.25
    z: 0.0
  - 
    x: -2.95
    y: 3.35
    z: 0.0
  - 
    x: -2.95
    y: 3.45
    z: 0.0
  - 
    x: -2.95
    y: 3.85
    z: 0.0
  - 
    x: -2.95
    y: 3.95
    z: 0.0
  - 
    x: -2.95
    y: 4.15
    z: 0.0
  - 
    x: -2.95
    y: 4.25
    z: 0.0
  - 
    x: -2.95
    y: 4.35
    z: 0.0
  - 
    x: -2.95
    y: 4.45
    z: 0.0
  - 
    x: -2.95
    y: 4.85
    z: 0.0
  - 
    x: -2.95
    y: 4.95
    z: 0.0
  - 
    x: -2.95
    y: 5.05
    z: 0.0
  - 
    x: -2.95
    y: 5.15
    z: 0.0
  - 
    x: -2.95
    y: 5.25
    z: 0.0
  - 
    x: -2.95
    y: 5.35
    z: 0.0
  - 
    x: -2.85
    y: 3.15
    z: 0.0
  - 
    x: -2.85
    y: 3.25
    z: 0.0
  - 
    x: -2.85
    y: 3.35
    z: 0.0
  - 
    x: -2.85
    y: 3.75
    z: 0.0
  - 
    x: -2.85
    y: 4.35
    z: 0.0
  - 
    x: -2.85
    y: 4.45
    z: 0.0
  - 
    x: -2.85
    y: 4.55
    z: 0.0
  - 
    x: -2.85
    y: 4.85
    z: 0.0
  - 
    x: -2.85
    y: 4.95
    z: 0.0
  - 
    x: -2.85
    y: 5.05
    z: 0.0
  - 
    x: -2.85
    y: 5.15
    z: 0.0
  - 
    x: -2.85
    y: 5.25
    z: 0.0
  - 
    x: -2.85
    y: 5.35
    z: 0.0
  - 
    x: -2.75
    y: 3.25
    z: 0.0
  - 
    x: -2.75
    y: 3.35
    z: 0.0
  - 
    x: -2.75
    y: 3.45
    z: 0.0
  - 
    x: -2.75
    y: 3.55
    z: 0.0
  - 
    x: -2.75
    y: 3.65
    z: 0.0
  - 
    x: -2.75
    y: 3.75
    z: 0.0
  - 
    x: -2.75
    y: 3.95
    z: 0.0
  - 
    x: -2.75
    y: 4.05
    z: 0.0
  - 
    x: -2.75
    y: 4.15
    z: 0.0
  - 
    x: -2.75
    y: 4.35
    z: 0.0
  - 
    x: -2.75
    y: 4.45
    z: 0.0
  - 
    x: -2.75
    y: 4.55
    z: 0.0
  - 
    x: -2.75
    y: 4.75
    z: 0.0
  - 
    x: -2.75
    y: 4.85
    z: 0.0
  - 
    x: -2.75
    y: 4.95
    z: 0.0
  - 
    x: -2.75
    y: 5.25
    z: 0.0
  - 
    x: -2.75
    y: 5.35
    z: 0.0
  - 
    x: -2.75
    y: 5.45
    z: 0.0
  - 
    x: -2.65
    y: 3.25
    z: 0.0
  - 
    x: -2.65
    y: 3.35
    z: 0.0
  - 
    x: -2.65
    y: 3.45
    z: 0.0
  - 
    x: -2.65
    y: 3.55
    z: 0.0
  - 
    x: -2.65
    y: 3.65
    z: 0.0
  - 
    x: -2.65
    y: 3.75
    z: 0.0
  - 
    x: -2.65
    y: 3.85
    z: 0.0
  - 
    x: -2.65
    y: 3.95
    z: 0.0
  - 
    x: -2.65
    y: 4.05
    z: 0.0
  - 
    x: -2.65
    y: 4.15
    z: 0.0
  - 
    x: -2.65
    y: 4.25
    z: 0.0
  - 
    x: -2.65
    y: 4.35
    z: 0.0
  - 
    x: -2.65
    y: 4.45
    z: 0.0
  - 
    x: -2.65
    y: 4.55
    z: 0.0
  - 
    x: -2.65
    y: 4.65
    z: 0.0
  - 
    x: -2.65
    y: 4.85
    z: 0.0
  - 
    x: -2.65
    y: 4.95
    z: 0.0
  - 
    x: -2.65
    y: 5.05
    z: 0.0
  - 
    x: -2.65
    y: 5.25
    z: 0.0
  - 
    x: -2.65
    y: 5.35
    z: 0.0
  - 
    x: -2.65
    y: 5.45
    z: 0.0
  - 
    x: -2.55
    y: 3.45
    z: 0.0
  - 
    x: -2.55
    y: 3.55
    z: 0.0
  - 
    x: -2.55
    y: 3.65
    z: 0.0
  - 
    x: -2.55
    y: 3.75
    z: 0.0
  - 
    x: -2.55
    y: 3.85
    z: 0.0
  - 
    x: -2.55
    y: 3.95
    z: 0.0
  - 
    x: -2.55
    y: 4.05
    z: 0.0
  - 
    x: -2.55
    y: 4.15
    z: 0.0
  - 
    x: -2.55
    y: 4.25
    z: 0.0
  - 
    x: -2.55
    y: 4.45
    z: 0.0
  - 
    x: -2.55
    y: 4.55
    z: 0.0
  - 
    x: -2.55
    y: 4.65
    z: 0.0
  - 
    x: -2.55
    y: 4.75
    z: 0.0
  - 
    x: -2.55
    y: 4.85
    z: 0.0
  - 
    x: -2.55
    y: 4.95
    z: 0.0
  - 
    x: -2.55
    y: 5.05
    z: 0.0
  - 
    x: -2.55
    y: 5.25
    z: 0.0
  - 
    x: -2.55
    y: 5.35
    z: 0.0
  - 
    x: -2.55
    y: 5.45
    z: 0.0
  - 
    x: -2.45
    y: 3.85
    z: 0.0
  - 
    x: -2.45
    y: 3.95
    z: 0.0
  - 
    x: -2.45
    y: 4.05
    z: 0.0
  - 
    x: -2.45
    y: 4.15
    z: 0.0
  - 
    x: -2.45
    y: 4.25
    z: 0.0
  - 
    x: -2.45
    y: 4.55
    z: 0.0
  - 
    x: -2.45
    y: 4.65
    z: 0.0
  - 
    x: -2.45
    y: 4.75
    z: 0.0
  - 
    x: -2.45
    y: 4.85
    z: 0.0
  - 
    x: -2.45
    y: 4.95
    z: 0.0
  - 
    x: -2.45
    y: 5.05
    z: 0.0
  - 
    x: -2.45
    y: 5.25
    z: 0.0
  - 
    x: -2.45
    y: 5.35
    z: 0.0
  - 
    x: -2.45
    y: 5.45
    z: 0.0
  - 
    x: -2.35
    y: 3.85
    z: 0.0
  - 
    x: -2.35
    y: 3.95
    z: 0.0
  - 
    x: -2.35
    y: 4.05
    z: 0.0
  - 
    x: -2.35
    y: 4.25
    z: 0.0
  - 
    x: -2.35
    y: 4.35
    z: 0.0
  - 
    x: -2.35
    y: 4.45
    z: 0.0
  - 
    x: -2.35
    y: 4.65
    z: 0.0
  - 
    x: -2.35
    y: 4.75
    z: 0.0
  - 
    x: -2.35
    y: 4.85
    z: 0.0
  - 
    x: -2.35
    y: 5.05
    z: 0.0
  - 
    x: -2.35
    y: 5.25
    z: 0.0
  - 
    x: -2.35
    y: 5.35
    z: 0.0
  - 
    x: -2.35
    y: 5.45
    z: 0.0
  - 
    x: -2.25
    y: 3.85
    z: 0.0
  - 
    x: -2.25
    y: 3.95
    z: 0.0
  - 
    x: -2.25
    y: 4.05
    z: 0.0
  - 
    x: -2.25
    y: 4.35
    z: 0.0
  - 
    x: -2.25
    y: 4.45
    z: 0.0
  - 
    x: -2.25
    y: 4.75
    z: 0.0
  - 
    x: -2.25
    y: 5.05
    z: 0.0
  - 
    x: -2.25
    y: 5.15
    z: 0.0
  - 
    x: -2.25
    y: 5.25
    z: 0.0
  - 
    x: -2.25
    y: 5.35
    z: 0.0
  - 
    x: -2.15
    y: 3.95
    z: 0.0
  - 
    x: -2.15
    y: 4.05
    z: 0.0
  - 
    x: -2.15
    y: 4.15
    z: 0.0
  - 
    x: -2.15
    y: 4.45
    z: 0.0
  - 
    x: -2.15
    y: 4.55
    z: 0.0
  - 
    x: -2.15
    y: 4.65
    z: 0.0
  - 
    x: -2.15
    y: 4.75
    z: 0.0
  - 
    x: -2.15
    y: 4.85
    z: 0.0
  - 
    x: -2.15
    y: 5.15
    z: 0.0
  - 
    x: -2.15
    y: 5.25
    z: 0.0
  - 
    x: -2.15
    y: 5.35
    z: 0.0
  - 
    x: -2.15
    y: 6.15
    z: 0.0
  - 
    x: -2.15
    y: 6.25
    z: 0.0
  - 
    x: -2.05
    y: 3.95
    z: 0.0
  - 
    x: -2.05
    y: 4.05
    z: 0.0
  - 
    x: -2.05
    y: 4.15
    z: 0.0
  - 
    x: -2.05
    y: 4.25
    z: 0.0
  - 
    x: -2.05
    y: 4.55
    z: 0.0
  - 
    x: -2.05
    y: 4.75
    z: 0.0
  - 
    x: -2.05
    y: 4.85
    z: 0.0
  - 
    x: -2.05
    y: 5.15
    z: 0.0
  - 
    x: -2.05
    y: 5.25
    z: 0.0
  - 
    x: -2.05
    y: 5.35
    z: 0.0
  - 
    x: -2.05
    y: 5.95
    z: 0.0
  - 
    x: -2.05
    y: 6.05
    z: 0.0
  - 
    x: -2.05
    y: 6.15
    z: 0.0
  - 
    x: -2.05
    y: 6.25
    z: 0.0
  - 
    x: -2.05
    y: 6.35
    z: 0.0
  - 
    x: -2.05
    y: 6.45
    z: 0.0
  - 
    x: -1.95
    y: 4.05
    z: 0.0
  - 
    x: -1.95
    y: 4.15
    z: 0.0
  - 
    x: -1.95
    y: 4.25
    z: 0.0
  - 
    x: -1.95
    y: 4.35
    z: 0.0
  - 
    x: -1.95
    y: 4.65
    z: 0.0
  - 
    x: -1.95
    y: 4.75
    z: 0.0
  - 
    x: -1.95
    y: 4.85
    z: 0.0
  - 
    x: -1.95
    y: 5.15
    z: 0.0
  - 
    x: -1.95
    y: 5.25
    z: 0.0
  - 
    x: -1.95
    y: 5.35
    z: 0.0
  - 
    x: -1.95
    y: 5.95
    z: 0.0
  - 
    x: -1.95
    y: 6.05
    z: 0.0
  - 
    x: -1.95
    y: 6.15
    z: 0.0
  - 
    x: -1.95
    y: 6.25
    z: 0.0
  - 
    x: -1.95
    y: 6.35
    z: 0.0
  - 
    x: -1.95
    y: 6.45
    z: 0.0
  - 
    x: -1.85
    y: 4.15
    z: 0.0
  - 
    x: -1.85
    y: 4.25
    z: 0.0
  - 
    x: -1.85
    y: 4.35
    z: 0.0
  - 
    x: -1.85
    y: 4.45
    z: 0.0
  - 
    x: -1.85
    y: 4.55
    z: 0.0
  - 
    x: -1.85
    y: 4.65
    z: 0.0
  - 
    x: -1.85
    y: 4.75
    z: 0.0
  - 
    x: -1.85
    y: 5.15
    z: 0.0
  - 
    x: -1.85
    y: 5.25
    z: 0.0
  - 
    x: -1.85
    y: 5.35
    z: 0.0
  - 
    x: -1.85
    y: 5.45
    z: 0.0
  - 
    x: -1.85
    y: 5.55
    z: 0.0
  - 
    x: -1.85
    y: 5.85
    z: 0.0
  - 
    x: -1.85
    y: 5.95
    z: 0.0
  - 
    x: -1.85
    y: 6.05
    z: 0.0
  - 
    x: -1.85
    y: 6.35
    z: 0.0
  - 
    x: -1.85
    y: 6.45
    z: 0.0
  - 
    x: -1.85
    y: 6.55
    z: 0.0
  - 
    x: -1.75
    y: 4.25
    z: 0.0
  - 
    x: -1.75
    y: 4.35
    z: 0.0
  - 
    x: -1.75
    y: 4.45
    z: 0.0
  - 
    x: -1.75
    y: 4.55
    z: 0.0
  - 
    x: -1.75
    y: 4.65
    z: 0.0
  - 
    x: -1.75
    y: 4.75
    z: 0.0
  - 
    x: -1.75
    y: 4.95
    z: 0.0
  - 
    x: -1.75
    y: 5.05
    z: 0.0
  - 
    x: -1.75
    y: 5.15
    z: 0.0
  - 
    x: -1.75
    y: 5.25
    z: 0.0
  - 
    x: -1.75
    y: 5.35
    z: 0.0
  - 
    x: -1.75
    y: 5.45
    z: 0.0
  - 
    x: -1.75
    y: 5.55
    z: 0.0
  - 
    x: -1.75
    y: 5.65
    z: 0.0
  - 
    x: -1.75
    y: 5.75
    z: 0.0
  - 
    x: -1.75
    y: 5.95
    z: 0.0
  - 
    x: -1.75
    y: 6.05
    z: 0.0
  - 
    x: -1.75
    y: 6.15
    z: 0.0
  - 
    x: -1.75
    y: 6.35
    z: 0.0
  - 
    x: -1.75
    y: 6.45
    z: 0.0
  - 
    x: -1.75
    y: 6.55
    z: 0.0
  - 
    x: -1.65
    y: 4.45
    z: 0.0
  - 
    x: -1.65
    y: 4.55
    z: 0.0
  - 
    x: -1.65
    y: 4.65
    z: 0.0
  - 
    x: -1.65
    y: 4.75
    z: 0.0
  - 
    x: -1.65
    y: 5.05
    z: 0.0
  - 
    x: -1.65
    y: 5.15
    z: 0.0
  - 
    x: -1.65
    y: 5.25
    z: 0.0
  - 
    x: -1.65
    y: 5.35
    z: 0.0
  - 
    x: -1.65
    y: 5.45
    z: 0.0
  - 
    x: -1.65
    y: 5.55
    z: 0.0
  - 
    x: -1.65
    y: 5.65
    z: 0.0
  - 
    x: -1.65
    y: 5.75
    z: 0.0
  - 
    x: -1.65
    y: 5.95
    z: 0.0
  - 
    x: -1.65
    y: 6.05
    z: 0.0
  - 
    x: -1.65
    y: 6.15
    z: 0.0
  - 
    x: -1.65
    y: 6.25
    z: 0.0
  - 
    x: -1.65
    y: 6.35
    z: 0.0
  - 
    x: -1.65
    y: 6.45
    z: 0.0
  - 
    x: -1.55
    y: 4.65
    z: 0.0
  - 
    x: -1.55
    y: 4.75
    z: 0.0
  - 
    x: -1.55
    y: 4.85
    z: 0.0
  - 
    x: -1.55
    y: 5.15
    z: 0.0
  - 
    x: -1.55
    y: 5.25
    z: 0.0
  - 
    x: -1.55
    y: 5.35
    z: 0.0
  - 
    x: -1.55
    y: 5.65
    z: 0.0
  - 
    x: -1.55
    y: 5.75
    z: 0.0
  - 
    x: -1.55
    y: 5.85
    z: 0.0
  - 
    x: -1.55
    y: 5.95
    z: 0.0
  - 
    x: -1.55
    y: 6.05
    z: 0.0
  - 
    x: -1.55
    y: 6.15
    z: 0.0
  - 
    x: -1.55
    y: 6.25
    z: 0.0
  - 
    x: -1.55
    y: 6.35
    z: 0.0
  - 
    x: -1.55
    y: 6.45
    z: 0.0
  - 
    x: -1.45
    y: 4.65
    z: 0.0
  - 
    x: -1.45
    y: 4.75
    z: 0.0
  - 
    x: -1.45
    y: 4.85
    z: 0.0
  - 
    x: -1.45
    y: 5.15
    z: 0.0
  - 
    x: -1.45
    y: 5.25
    z: 0.0
  - 
    x: -1.45
    y: 5.35
    z: 0.0
  - 
    x: -1.45
    y: 5.45
    z: 0.0
  - 
    x: -1.45
    y: 5.55
    z: 0.0
  - 
    x: -1.45
    y: 5.65
    z: 0.0
  - 
    x: -1.45
    y: 5.75
    z: 0.0
  - 
    x: -1.45
    y: 5.85
    z: 0.0
  - 
    x: -1.45
    y: 5.95
    z: 0.0
  - 
    x: -1.45
    y: 6.05
    z: 0.0
  - 
    x: -1.45
    y: 6.15
    z: 0.0
  - 
    x: -1.45
    y: 6.25
    z: 0.0
  - 
    x: -1.45
    y: 6.45
    z: 0.0
  - 
    x: -1.45
    y: 6.55
    z: 0.0
  - 
    x: -1.35
    y: 4.75
    z: 0.0
  - 
    x: -1.35
    y: 4.85
    z: 0.0
  - 
    x: -1.35
    y: 4.95
    z: 0.0
  - 
    x: -1.35
    y: 5.05
    z: 0.0
  - 
    x: -1.35
    y: 5.15
    z: 0.0
  - 
    x: -1.35
    y: 5.25
    z: 0.0
  - 
    x: -1.35
    y: 5.35
    z: 0.0
  - 
    x: -1.35
    y: 5.45
    z: 0.0
  - 
    x: -1.35
    y: 5.55
    z: 0.0
  - 
    x: -1.35
    y: 5.65
    z: 0.0
  - 
    x: -1.35
    y: 5.75
    z: 0.0
  - 
    x: -1.35
    y: 5.85
    z: 0.0
  - 
    x: -1.35
    y: 6.05
    z: 0.0
  - 
    x: -1.35
    y: 6.15
    z: 0.0
  - 
    x: -1.35
    y: 6.25
    z: 0.0
  - 
    x: -1.35
    y: 6.35
    z: 0.0
  - 
    x: -1.35
    y: 6.45
    z: 0.0
  - 
    x: -1.35
    y: 6.55
    z: 0.0
  - 
    x: -1.35
    y: 6.65
    z: 0.0
  - 
    x: -1.35
    y: 6.75
    z: 0.0
  - 
    x: -1.25
    y: 4.75
    z: 0.0
  - 
    x: -1.25
    y: 4.85
    z: 0.0
  - 
    x: -1.25
    y: 4.95
    z: 0.0
  - 
    x: -1.25
    y: 5.05
    z: 0.0
  - 
    x: -1.25
    y: 5.15
    z: 0.0
  - 
    x: -1.25
    y: 5.25
    z: 0.0
  - 
    x: -1.25
    y: 5.35
    z: 0.0
  - 
    x: -1.25
    y: 5.45
    z: 0.0
  - 
    x: -1.25
    y: 5.55
    z: 0.0
  - 
    x: -1.25
    y: 5.65
    z: 0.0
  - 
    x: -1.25
    y: 5.75
    z: 0.0
  - 
    x: -1.25
    y: 5.85
    z: 0.0
  - 
    x: -1.25
    y: 6.15
    z: 0.0
  - 
    x: -1.25
    y: 6.25
    z: 0.0
  - 
    x: -1.25
    y: 6.35
    z: 0.0
  - 
    x: -1.25
    y: 6.45
    z: 0.0
  - 
    x: -1.25
    y: 6.55
    z: 0.0
  - 
    x: -1.25
    y: 6.65
    z: 0.0
  - 
    x: -1.25
    y: 6.75
    z: 0.0
  - 
    x: -1.15
    y: 4.75
    z: 0.0
  - 
    x: -1.15
    y: 4.85
    z: 0.0
  - 
    x: -1.15
    y: 4.95
    z: 0.0
  - 
    x: -1.15
    y: 5.25
    z: 0.0
  - 
    x: -1.15
    y: 5.35
    z: 0.0
  - 
    x: -1.15
    y: 5.45
    z: 0.0
  - 
    x: -1.15
    y: 5.75
    z: 0.0
  - 
    x: -1.15
    y: 5.85
    z: 0.0
  - 
    x: -1.15
    y: 5.95
    z: 0.0
  - 
    x: -1.15
    y: 6.25
    z: 0.0
  - 
    x: -1.15
    y: 6.35
    z: 0.0
  - 
    x: -1.15
    y: 6.65
    z: 0.0
  - 
    x: -1.15
    y: 6.75
    z: 0.0
  - 
    x: -1.05
    y: 4.85
    z: 0.0
  - 
    x: -1.05
    y: 4.95
    z: 0.0
  - 
    x: -1.05
    y: 5.05
    z: 0.0
  - 
    x: -1.05
    y: 5.15
    z: 0.0
  - 
    x: -1.05
    y: 5.25
    z: 0.0
  - 
    x: -1.05
    y: 5.35
    z: 0.0
  - 
    x: -1.05
    y: 5.75
    z: 0.0
  - 
    x: -1.05
    y: 5.85
    z: 0.0
  - 
    x: -1.05
    y: 5.95
    z: 0.0
  - 
    x: -1.05
    y: 6.05
    z: 0.0
  - 
    x: -1.05
    y: 6.15
    z: 0.0
  - 
    x: -1.05
    y: 6.25
    z: 0.0
  - 
    x: -1.05
    y: 6.35
    z: 0.0
  - 
    x: -1.05
    y: 6.45
    z: 0.0
  - 
    x: -1.05
    y: 6.55
    z: 0.0
  - 
    x: -1.05
    y: 6.65
    z: 0.0
  - 
    x: -1.05
    y: 6.75
    z: 0.0
  - 
    x: -0.95
    y: 4.85
    z: 0.0
  - 
    x: -0.95
    y: 4.95
    z: 0.0
  - 
    x: -0.95
    y: 5.05
    z: 0.0
  - 
    x: -0.95
    y: 5.15
    z: 0.0
  - 
    x: -0.95
    y: 5.25
    z: 0.0
  - 
    x: -0.95
    y: 5.35
    z: 0.0
  - 
    x: -0.95
    y: 5.85
    z: 0.0
  - 
    x: -0.95
    y: 5.95
    z: 0.0
  - 
    x: -0.95
    y: 6.05
    z: 0.0
  - 
    x: -0.95
    y: 6.15
    z: 0.0
  - 
    x: -0.95
    y: 6.25
    z: 0.0
  - 
    x: -0.95
    y: 6.35
    z: 0.0
  - 
    x: -0.95
    y: 6.45
    z: 0.0
  - 
    x: -0.95
    y: 6.55
    z: 0.0
  - 
    x: -0.95
    y: 6.65
    z: 0.0
  - 
    x: -0.95
    y: 6.75
    z: 0.0
  - 
    x: -0.85
    y: 5.05
    z: 0.0
  - 
    x: -0.85
    y: 5.15
    z: 0.0
  - 
    x: -0.85
    y: 6.05
    z: 0.0
  - 
    x: -0.85
    y: 6.15
    z: 0.0
  - 
    x: -0.85
    y: 6.45
    z: 0.0
  - 
    x: -0.85
    y: 6.55
    z: 0.0
  - 
    x: 0.35
    y: 3.75
    z: 0.0
  - 
    x: 0.45
    y: 2.55
    z: 0.0
  - 
    x: 0.45
    y: 3.55
    z: 0.0
  - 
    x: 0.45
    y: 3.65
    z: 0.0
  - 
    x: 0.45
    y: 3.75
    z: 0.0
  - 
    x: 0.45
    y: 3.85
    z: 0.0
  - 
    x: 0.45
    y: 3.95
    z: 0.0
  - 
    x: 0.55
    y: 2.35
    z: 0.0
  - 
    x: 0.55
    y: 2.45
    z: 0.0
  - 
    x: 0.55
    y: 2.55
    z: 0.0
  - 
    x: 0.55
    y: 2.65
    z: 0.0
  - 
    x: 0.55
    y: 2.75
    z: 0.0
  - 
    x: 0.55
    y: 3.45
    z: 0.0
  - 
    x: 0.55
    y: 3.55
    z: 0.0
  - 
    x: 0.55
    y: 3.65
    z: 0.0
  - 
    x: 0.55
    y: 3.75
    z: 0.0
  - 
    x: 0.55
    y: 3.85
    z: 0.0
  - 
    x: 0.55
    y: 3.95
    z: 0.0
  - 
    x: 0.65
    y: 2.35
    z: 0.0
  - 
    x: 0.65
    y: 2.45
    z: 0.0
  - 
    x: 0.65
    y: 2.55
    z: 0.0
  - 
    x: 0.65
    y: 2.65
    z: 0.0
  - 
    x: 0.65
    y: 2.75
    z: 0.0
  - 
    x: 0.65
    y: 3.45
    z: 0.0
  - 
    x: 0.65
    y: 3.55
    z: 0.0
  - 
    x: 0.65
    y: 3.65
    z: 0.0
  - 
    x: 0.65
    y: 3.85
    z: 0.0
  - 
    x: 0.65
    y: 3.95
    z: 0.0
  - 
    x: 0.65
    y: 4.05
    z: 0.0
  - 
    x: 0.75
    y: 2.25
    z: 0.0
  - 
    x: 0.75
    y: 2.35
    z: 0.0
  - 
    x: 0.75
    y: 2.45
    z: 0.0
  - 
    x: 0.75
    y: 2.65
    z: 0.0
  - 
    x: 0.75
    y: 2.75
    z: 0.0
  - 
    x: 0.75
    y: 2.85
    z: 0.0
  - 
    x: 0.75
    y: 3.35
    z: 0.0
  - 
    x: 0.75
    y: 3.45
    z: 0.0
  - 
    x: 0.75
    y: 3.55
    z: 0.0
  - 
    x: 0.75
    y: 3.75
    z: 0.0
  - 
    x: 0.75
    y: 3.85
    z: 0.0
  - 
    x: 0.75
    y: 3.95
    z: 0.0
  - 
    x: 0.85
    y: 2.35
    z: 0.0
  - 
    x: 0.85
    y: 2.45
    z: 0.0
  - 
    x: 0.85
    y: 2.55
    z: 0.0
  - 
    x: 0.85
    y: 2.65
    z: 0.0
  - 
    x: 0.85
    y: 2.75
    z: 0.0
  - 
    x: 0.85
    y: 3.45
    z: 0.0
  - 
    x: 0.85
    y: 3.55
    z: 0.0
  - 
    x: 0.85
    y: 3.65
    z: 0.0
  - 
    x: 0.85
    y: 3.75
    z: 0.0
  - 
    x: 0.85
    y: 3.85
    z: 0.0
  - 
    x: 0.85
    y: 3.95
    z: 0.0
  - 
    x: 0.95
    y: 2.35
    z: 0.0
  - 
    x: 0.95
    y: 2.45
    z: 0.0
  - 
    x: 0.95
    y: 2.55
    z: 0.0
  - 
    x: 0.95
    y: 2.65
    z: 0.0
  - 
    x: 0.95
    y: 2.75
    z: 0.0
  - 
    x: 0.95
    y: 3.45
    z: 0.0
  - 
    x: 0.95
    y: 3.55
    z: 0.0
  - 
    x: 0.95
    y: 3.65
    z: 0.0
  - 
    x: 0.95
    y: 3.75
    z: 0.0
  - 
    x: 1.05
    y: 2.55
    z: 0.0
  - 
    x: 1.05
    y: 3.65
    z: 0.0
  - 
    x: 1.25
    y: 2.95
    z: 0.0
  - 
    x: 1.25
    y: 3.05
    z: 0.0
  - 
    x: 1.35
    y: 2.75
    z: 0.0
  - 
    x: 1.35
    y: 2.85
    z: 0.0
  - 
    x: 1.35
    y: 2.95
    z: 0.0
  - 
    x: 1.35
    y: 3.05
    z: 0.0
  - 
    x: 1.35
    y: 3.15
    z: 0.0
  - 
    x: 1.35
    y: 3.25
    z: 0.0
  - 
    x: 1.35
    y: 3.55
    z: 0.0
  - 
    x: 1.35
    y: 3.65
    z: 0.0
  - 
    x: 1.35
    y: 3.75
    z: 0.0
  - 
    x: 1.45
    y: 0.95
    z: 0.0
  - 
    x: 1.45
    y: 2.75
    z: 0.0
  - 
    x: 1.45
    y: 2.85
    z: 0.0
  - 
    x: 1.45
    y: 2.95
    z: 0.0
  - 
    x: 1.45
    y: 3.05
    z: 0.0
  - 
    x: 1.45
    y: 3.15
    z: 0.0
  - 
    x: 1.45
    y: 3.25
    z: 0.0
  - 
    x: 1.45
    y: 3.35
    z: 0.0
  - 
    x: 1.45
    y: 3.45
    z: 0.0
  - 
    x: 1.45
    y: 3.55
    z: 0.0
  - 
    x: 1.45
    y: 3.65
    z: 0.0
  - 
    x: 1.45
    y: 3.75
    z: 0.0
  - 
    x: 1.45
    y: 3.85
    z: 0.0
  - 
    x: 1.45
    y: 3.95
    z: 0.0
  - 
    x: 1.55
    y: 0.85
    z: 0.0
  - 
    x: 1.55
    y: 0.95
    z: 0.0
  - 
    x: 1.55
    y: 1.05
    z: 0.0
  - 
    x: 1.55
    y: 1.15
    z: 0.0
  - 
    x: 1.55
    y: 1.35
    z: 0.0
  - 
    x: 1.55
    y: 2.65
    z: 0.0
  - 
    x: 1.55
    y: 2.75
    z: 0.0
  - 
    x: 1.55
    y: 2.85
    z: 0.0
  - 
    x: 1.55
    y: 3.15
    z: 0.0
  - 
    x: 1.55
    y: 3.25
    z: 0.0
  - 
    x: 1.55
    y: 3.35
    z: 0.0
  - 
    x: 1.55
    y: 3.45
    z: 0.0
  - 
    x: 1.55
    y: 3.55
    z: 0.0
  - 
    x: 1.55
    y: 3.65
    z: 0.0
  - 
    x: 1.55
    y: 3.75
    z: 0.0
  - 
    x: 1.55
    y: 3.85
    z: 0.0
  - 
    x: 1.55
    y: 3.95
    z: 0.0
  - 
    x: 1.65
    y: 0.85
    z: 0.0
  - 
    x: 1.65
    y: 0.95
    z: 0.0
  - 
    x: 1.65
    y: 1.05
    z: 0.0
  - 
    x: 1.65
    y: 1.15
    z: 0.0
  - 
    x: 1.65
    y: 1.25
    z: 0.0
  - 
    x: 1.65
    y: 1.35
    z: 0.0
  - 
    x: 1.65
    y: 1.45
    z: 0.0
  - 
    x: 1.65
    y: 1.55
    z: 0.0
  - 
    x: 1.65
    y: 2.75
    z: 0.0
  - 
    x: 1.65
    y: 2.85
    z: 0.0
  - 
    x: 1.65
    y: 2.95
    z: 0.0
  - 
    x: 1.65
    y: 3.35
    z: 0.0
  - 
    x: 1.65
    y: 3.45
    z: 0.0
  - 
    x: 1.65
    y: 3.85
    z: 0.0
  - 
    x: 1.65
    y: 3.95
    z: 0.0
  - 
    x: 1.65
    y: 4.05
    z: 0.0
  - 
    x: 1.75
    y: 0.85
    z: 0.0
  - 
    x: 1.75
    y: 1.05
    z: 0.0
  - 
    x: 1.75
    y: 1.15
    z: 0.0
  - 
    x: 1.75
    y: 1.25
    z: 0.0
  - 
    x: 1.75
    y: 1.35
    z: 0.0
  - 
    x: 1.75
    y: 1.45
    z: 0.0
  - 
    x: 1.75
    y: 1.55
    z: 0.0
  - 
    x: 1.75
    y: 2.75
    z: 0.0
  - 
    x: 1.75
    y: 2.85
    z: 0.0
  - 
    x: 1.75
    y: 2.95
    z: 0.0
  - 
    x: 1.75
    y: 3.35
    z: 0.0
  - 
    x: 1.75
    y: 3.45
    z: 0.0
  - 
    x: 1.75
    y: 3.85
    z: 0.0
  - 
    x: 1.75
    y: 3.95
    z: 0.0
  - 
    x: 1.75
    y: 4.05
    z: 0.0
  - 
    x: 1.85
    y: 0.95
    z: 0.0
  - 
    x: 1.85
    y: 1.05
    z: 0.0
  - 
    x: 1.85
    y: 1.15
    z: 0.0
  - 
    x: 1.85
    y: 1.25
    z: 0.0
  - 
    x: 1.85
    y: 1.45
    z: 0.0
  - 
    x: 1.85
    y: 1.55
    z: 0.0
  - 
    x: 1.85
    y: 1.65
    z: 0.0
  - 
    x: 1.85
    y: 2.85
    z: 0.0
  - 
    x: 1.85
    y: 2.95
    z: 0.0
  - 
    x: 1.85
    y: 3.05
    z: 0.0
  - 
    x: 1.85
    y: 3.15
    z: 0.0
  - 
    x: 1.85
    y: 3.25
    z: 0.0
  - 
    x: 1.85
    y: 3.45
    z: 0.0
  - 
    x: 1.85
    y: 3.65
    z: 0.0
  - 
    x: 1.85
    y: 3.75
    z: 0.0
  - 
    x: 1.85
    y: 3.85
    z: 0.0
  - 
    x: 1.85
    y: 3.95
    z: 0.0
  - 
    x: 1.95
    y: 0.85
    z: 0.0
  - 
    x: 1.95
    y: 0.95
    z: 0.0
  - 
    x: 1.95
    y: 1.05
    z: 0.0
  - 
    x: 1.95
    y: 1.15
    z: 0.0
  - 
    x: 1.95
    y: 1.45
    z: 0.0
  - 
    x: 1.95
    y: 1.55
    z: 0.0
  - 
    x: 1.95
    y: 1.65
    z: 0.0
  - 
    x: 1.95
    y: 1.75
    z: 0.0
  - 
    x: 1.95
    y: 1.85
    z: 0.0
  - 
    x: 1.95
    y: 2.85
    z: 0.0
  - 
    x: 1.95
    y: 2.95
    z: 0.0
  - 
    x: 1.95
    y: 3.05
    z: 0.0
  - 
    x: 1.95
    y: 3.15
    z: 0.0
  - 
    x: 1.95
    y: 3.25
    z: 0.0
  - 
    x: 1.95
    y: 3.55
    z: 0.0
  - 
    x: 1.95
    y: 3.65
    z: 0.0
  - 
    x: 1.95
    y: 3.75
    z: 0.0
  - 
    x: 1.95
    y: 3.85
    z: 0.0
  - 
    x: 1.95
    y: 3.95
    z: 0.0
  - 
    x: 2.05
    y: 0.85
    z: 0.0
  - 
    x: 2.05
    y: 0.95
    z: 0.0
  - 
    x: 2.05
    y: 1.05
    z: 0.0
  - 
    x: 2.05
    y: 1.15
    z: 0.0
  - 
    x: 2.05
    y: 1.35
    z: 0.0
  - 
    x: 2.05
    y: 1.55
    z: 0.0
  - 
    x: 2.05
    y: 1.65
    z: 0.0
  - 
    x: 2.05
    y: 1.75
    z: 0.0
  - 
    x: 2.05
    y: 1.85
    z: 0.0
  - 
    x: 2.05
    y: 3.05
    z: 0.0
  - 
    x: 2.05
    y: 3.15
    z: 0.0
  - 
    x: 2.05
    y: 3.25
    z: 0.0
  - 
    x: 2.05
    y: 3.45
    z: 0.0
  - 
    x: 2.05
    y: 3.55
    z: 0.0
  - 
    x: 2.05
    y: 3.65
    z: 0.0
  - 
    x: 2.05
    y: 3.75
    z: 0.0
  - 
    x: 2.15
    y: 0.85
    z: 0.0
  - 
    x: 2.15
    y: 0.95
    z: 0.0
  - 
    x: 2.15
    y: 1.05
    z: 0.0
  - 
    x: 2.15
    y: 1.15
    z: 0.0
  - 
    x: 2.15
    y: 1.35
    z: 0.0
  - 
    x: 2.15
    y: 1.55
    z: 0.0
  - 
    x: 2.15
    y: 1.75
    z: 0.0
  - 
    x: 2.15
    y: 1.85
    z: 0.0
  - 
    x: 2.15
    y: 1.95
    z: 0.0
  - 
    x: 2.15
    y: 3.05
    z: 0.0
  - 
    x: 2.15
    y: 3.15
    z: 0.0
  - 
    x: 2.15
    y: 3.25
    z: 0.0
  - 
    x: 2.15
    y: 3.45
    z: 0.0
  - 
    x: 2.15
    y: 3.55
    z: 0.0
  - 
    x: 2.15
    y: 3.65
    z: 0.0
  - 
    x: 2.25
    y: 1.05
    z: 0.0
  - 
    x: 2.25
    y: 1.35
    z: 0.0
  - 
    x: 2.25
    y: 1.55
    z: 0.0
  - 
    x: 2.25
    y: 1.65
    z: 0.0
  - 
    x: 2.25
    y: 1.75
    z: 0.0
  - 
    x: 2.25
    y: 1.85
    z: 0.0
  - 
    x: 2.25
    y: 3.15
    z: 0.0
  - 
    x: 2.25
    y: 3.25
    z: 0.0
  - 
    x: 2.25
    y: 3.35
    z: 0.0
  - 
    x: 2.25
    y: 3.45
    z: 0.0
  - 
    x: 2.25
    y: 3.55
    z: 0.0
  - 
    x: 2.35
    y: 0.95
    z: 0.0
  - 
    x: 2.35
    y: 1.05
    z: 0.0
  - 
    x: 2.35
    y: 1.55
    z: 0.0
  - 
    x: 2.35
    y: 1.65
    z: 0.0
  - 
    x: 2.35
    y: 1.75
    z: 0.0
  - 
    x: 2.35
    y: 1.85
    z: 0.0
  - 
    x: 2.35
    y: 3.15
    z: 0.0
  - 
    x: 2.35
    y: 3.25
    z: 0.0
  - 
    x: 2.35
    y: 3.35
    z: 0.0
  - 
    x: 2.35
    y: 3.45
    z: 0.0
  - 
    x: 2.35
    y: 3.55
    z: 0.0
  - 
    x: 2.45
    y: 1.05
    z: 0.0
  - 
    x: 2.45
    y: 1.45
    z: 0.0
  - 
    x: 2.45
    y: 1.55
    z: 0.0
  - 
    x: 2.45
    y: 1.65
    z: 0.0
  - 
    x: 2.45
    y: 3.35
    z: 0.0
